Build started 6/9/2020 12:05:15 AM.
     1>Project "J:\Win32\Programming Windows - Charles Petzolt\Chapter 8\01 - BEEPER1\BEEPER1\BEEPER1.vcxproj" on node 2 (build target(s)).
     1>InitializeBuildStatus:
         Creating "Debug\BEEPER1.unsuccessfulbuild" because "AlwaysCreate" was specified.
       ClCompile:
         C:\Program Files (x86)\Microsoft Visual Studio 10.0\VC\bin\CL.exe /c /ZI /nologo /W3 /WX- /Od /Oy- /D WIN32 /D _DEBUG /D _WINDOWS /D _UNICODE /D UNICODE /Gm /EHsc /RTC1 /MDd /GS /fp:precise /Zc:wchar_t /Zc:forScope /Fo"Debug\\" /Fd"Debug\vc100.pdb" /Gd /TC /analyze- /errorReport:prompt BEEPER1.c
         BEEPER1.c
       ManifestResourceCompile:
         All outputs are up-to-date.
       Link:
         C:\Program Files (x86)\Microsoft Visual Studio 10.0\VC\bin\link.exe /ERRORREPORT:PROMPT /OUT:"J:\Win32\Programming Windows - Charles Petzolt\Chapter 8\01 - BEEPER1\BEEPER1\Debug\BEEPER1.exe" /INCREMENTAL /NOLOGO kernel32.lib user32.lib gdi32.lib winspool.lib comdlg32.lib advapi32.lib shell32.lib ole32.lib oleaut32.lib uuid.lib odbc32.lib odbccp32.lib /MANIFEST /ManifestFile:"Debug\BEEPER1.exe.intermediate.manifest" /MANIFESTUAC:"level='asInvoker' uiAccess='false'" /DEBUG /PDB:"J:\Win32\Programming Windows - Charles Petzolt\Chapter 8\01 - BEEPER1\BEEPER1\Debug\BEEPER1.pdb" /SUBSYSTEM:WINDOWS /TLBID:1 /DYNAMICBASE /NXCOMPAT /IMPLIB:"J:\Win32\Programming Windows - Charles Petzolt\Chapter 8\01 - BEEPER1\BEEPER1\Debug\BEEPER1.lib" /MACHINE:X86 Debug\BEEPER1.exe.embed.manifest.res
         Debug\BEEPER1.obj
       Manifest:
         C:\Program Files (x86)\Microsoft SDKs\Windows\v7.0A\bin\mt.exe /nologo /verbose /out:"Debug\BEEPER1.exe.embed.manifest" /manifest Debug\BEEPER1.exe.intermediate.manifest
         All outputs are up-to-date.
       LinkEmbedManifest:
         All outputs are up-to-date.
         BEEPER1.vcxproj -> J:\Win32\Programming Windows - Charles Petzolt\Chapter 8\01 - BEEPER1\BEEPER1\Debug\BEEPER1.exe
       FinalizeBuildStatus:
         Deleting file "Debug\BEEPER1.unsuccessfulbuild".
         Touching "Debug\BEEPER1.lastbuildstate".
     1>Done Building Project "J:\Win32\Programming Windows - Charles Petzolt\Chapter 8\01 - BEEPER1\BEEPER1\BEEPER1.vcxproj" (build target(s)).

Build succeeded.

Time Elapsed 00:00:01.79
