=::=::\


1
10
11
1
10
11
1
10
11
1
10
11
1
2
3
4
5
6
7
ALLUSERSPROFILE

8
9
10
11
1
2
3
4
5
6
7
APPDATA

8
9
10
11
1
2
3
4
5
6
7
CommandPromptType

8
9
10
11
1
2
3
4
5
6
7
CommonProgramFiles

8
9
10
11
1
2
3
4
5
6
7
CommonProgramFiles(x86)

8
9
10
11
1
2
3
4
5
6
7
CommonProgramW6432

8
9
10
11
1
2
3
4
5
6
7
COMPUTERNAME

8
9
10
11
1
2
3
4
5
6
7
ComSpec

8
9
10
11
1
2
3
4
5
6
7
DevEnvDir

8
9
10
11
1
2
3
4
5
6
7
DriverData

8
9
10
11
1
2
3
4
5
6
7
ExtensionSdkDir

8
9
10
11
1
2
3
4
5
6
7
FPS_BROWSER_APP_PROFILE_STRING

8
9
10
11
1
2
3
4
5
6
7
FPS_BROWSER_USER_PROFILE_STRING

8
9
10
11
1
2
3
4
5
6
7
Framework40Version

8
9
10
11
1
2
3
4
5
6
7
FrameworkDir

8
9
10
11
1
2
3
4
5
6
7
FrameworkDIR32

8
9
10
11
1
2
3
4
5
6
7
FrameworkVersion

8
9
10
11
1
2
3
4
5
6
7
FrameworkVersion32

8
9
10
11
1
2
3
4
5
6
7
HOMEDRIVE

8
9
10
11
1
2
3
4
5
6
7
HOMEPATH

8
9
10
11
1
2
3
4
5
6
7
INCLUDE

8
9
10
11
1
2
3
4
5
6
7
LIB

8
9
10
11
1
2
3
4
5
6
7
LIBPATH

8
9
10
11
1
2
3
4
5
6
7
LOCALAPPDATA

8
9
10
11
1
2
3
4
5
6
7
LOGONSERVER

8
9
10
11
1
2
3
4
5
6
7
NUMBER_OF_PROCESSORS

8
9
10
11
1
2
3
4
5
6
7
OneDrive

8
9
10
11
1
2
3
4
5
6
7
OS

8
9
10
11
1
2
3
4
5
6
7
Path

8
9
10
11
1
2
3
4
5
6
7
PATHEXT

8
9
10
11
1
2
3
4
5
6
7
Platform

8
9
10
11
1
2
3
4
5
6
7
PROCESSOR_ARCHITECTURE

8
9
10
11
1
2
3
4
5
6
7
PROCESSOR_ARCHITEW6432

8
9
10
11
1
2
3
4
5
6
7
PROCESSOR_IDENTIFIER

8
9
10
11
1
2
3
4
5
6
7
PROCESSOR_LEVEL

8
9
10
11
1
2
3
4
5
6
7
PROCESSOR_REVISION

8
9
10
11
1
2
3
4
5
6
7
ProgramData

8
9
10
11
1
2
3
4
5
6
7
ProgramFiles

8
9
10
11
1
2
3
4
5
6
7
ProgramFiles(x86)

8
9
10
11
1
2
3
4
5
6
7
ProgramW6432

8
9
10
11
1
2
3
4
5
6
7
PROMPT

8
9
10
11
1
2
3
4
5
6
7
PSModulePath

8
9
10
11
1
2
3
4
5
6
7
PUBLIC

8
9
10
11
1
2
3
4
5
6
7
SESSIONNAME

8
9
10
11
1
2
3
4
5
6
7
SystemDrive

8
9
10
11
1
2
3
4
5
6
7
SystemRoot

8
9
10
11
1
2
3
4
5
6
7
TEMP

8
9
10
11
1
2
3
4
5
6
7
TMP

8
9
10
11
1
2
3
4
5
6
7
UCRTVersion

8
9
10
11
1
2
3
4
5
6
7
UniversalCRTSdkDir

8
9
10
11
1
2
3
4
5
6
7
USERDOMAIN

8
9
10
11
1
2
3
4
5
6
7
USERDOMAIN_ROAMINGPROFILE

8
9
10
11
1
2
3
4
5
6
7
USERNAME

8
9
10
11
1
2
3
4
5
6
7
USERPROFILE

8
9
10
11
1
2
3
4
5
6
7
VBOX_MSI_INSTALL_PATH

8
9
10
11
1
2
3
4
5
6
7
VCIDEInstallDir

8
9
10
11
1
2
3
4
5
6
7
VCINSTALLDIR

8
9
10
11
1
2
3
4
5
6
7
VCToolsInstallDir

8
9
10
11
1
2
3
4
5
6
7
VCToolsRedistDir

8
9
10
11
1
2
3
4
5
6
7
VCToolsVersion

8
9
10
11
1
2
3
4
5
6
7
VisualStudioVersion

8
9
10
11
1
2
3
4
5
6
7
VS100COMNTOOLS

8
9
10
11
1
2
3
4
5
6
7
VS160COMNTOOLS

8
9
10
11
1
2
3
4
5
6
7
VSCMD_ARG_app_plat

8
9
10
11
1
2
3
4
5
6
7
VSCMD_ARG_HOST_ARCH

8
9
10
11
1
2
3
4
5
6
7
VSCMD_ARG_TGT_ARCH

8
9
10
11
1
2
3
4
5
6
7
VSCMD_VER

8
9
10
11
1
2
3
4
5
6
7
VSINSTALLDIR

8
9
10
11
1
2
3
4
5
6
7
windir

8
9
10
11
1
2
3
4
5
6
7
WindowsLibPath

8
9
10
11
1
2
3
4
5
6
7
WindowsSdkBinPath

8
9
10
11
1
2
3
4
5
6
7
WindowsSdkDir

8
9
10
11
1
2
3
4
5
6
7
WindowsSDKLibVersion

8
9
10
11
1
2
3
4
5
6
7
WindowsSdkVerBinPath

8
9
10
11
1
2
3
4
5
6
7
WindowsSDKVersion

8
9
10
11
1
2
3
4
5
6
7
__DOTNET_ADD_32BIT

8
9
10
11
1
2
3
4
5
6
7
__DOTNET_PREFERRED_BITNESS

8
9
10
11
1
2
3
4
5
6
7
__VSCMD_PREINIT_PATH

8
9
10
11
12
13
